Using pre-set license
Built from '2021.3/staging' branch; Version is '2021.3.23f1 (213b516bf396) revision 2177873'; Using compiler version '192829333'; Build Type 'Release'
OS: 'Windows 10  (10.0.19043) 64bit Professional' Language: 'ko' Physical Memory: 32581 MB
BatchMode: 1, IsHumanControllingUs: 0, StartBugReporterOnCrash: 0, Is64bit: 1, IsPro: 1

COMMAND LINE ARGUMENTS:
C:\Program Files\Unity\Hub\Editor\2021.3.23f1\Editor\Unity.exe
-adb2
-batchMode
-noUpm
-name
AssetImportWorker0
-projectPath
C:/Users/GoodLife/Desktop/Server/Photon Server
-logFile
Logs/AssetImportWorker0.log
-srvPort
12852
Successfully changed project path to: C:/Users/GoodLife/Desktop/Server/Photon Server
C:/Users/GoodLife/Desktop/Server/Photon Server
[UnityMemory] Configuration Parameters - Can be set up in boot.config
    "memorysetup-bucket-allocator-granularity=16"
    "memorysetup-bucket-allocator-bucket-count=8"
    "memorysetup-bucket-allocator-block-size=33554432"
    "memorysetup-bucket-allocator-block-count=8"
    "memorysetup-main-allocator-block-size=16777216"
    "memorysetup-thread-allocator-block-size=16777216"
    "memorysetup-gfx-main-allocator-block-size=16777216"
    "memorysetup-gfx-thread-allocator-block-size=16777216"
    "memorysetup-cache-allocator-block-size=4194304"
    "memorysetup-typetree-allocator-block-size=2097152"
    "memorysetup-profiler-bucket-allocator-granularity=16"
    "memorysetup-profiler-bucket-allocator-bucket-count=8"
    "memorysetup-profiler-bucket-allocator-block-size=33554432"
    "memorysetup-profiler-bucket-allocator-block-count=8"
    "memorysetup-profiler-allocator-block-size=16777216"
    "memorysetup-profiler-editor-allocator-block-size=1048576"
    "memorysetup-temp-allocator-size-main=16777216"
    "memorysetup-job-temp-allocator-block-size=2097152"
    "memorysetup-job-temp-allocator-block-size-background=1048576"
    "memorysetup-job-temp-allocator-reduction-small-platforms=262144"
    "memorysetup-temp-allocator-size-background-worker=32768"
    "memorysetup-temp-allocator-size-job-worker=262144"
    "memorysetup-temp-allocator-size-preload-manager=33554432"
    "memorysetup-temp-allocator-size-nav-mesh-worker=65536"
    "memorysetup-temp-allocator-size-audio-worker=65536"
    "memorysetup-temp-allocator-size-cloud-worker=32768"
    "memorysetup-temp-allocator-size-gi-baking-worker=262144"
    "memorysetup-temp-allocator-size-gfx=262144"
Player connection [7148] Host "[IP] 192.168.35.23 [Port] 0 [Flags] 2 [Guid] 3584142306 [EditorId] 3584142306 [Version] 1048832 [Id] WindowsEditor(7,DESKTOP-QP04SQP) [Debug] 1 [PackageName] WindowsEditor [ProjectName] Editor" joined multi-casting on [225.0.0.222:54997]...

Player connection [7148] Host "[IP] 192.168.35.23 [Port] 0 [Flags] 2 [Guid] 3584142306 [EditorId] 3584142306 [Version] 1048832 [Id] WindowsEditor(7,DESKTOP-QP04SQP) [Debug] 1 [PackageName] WindowsEditor [ProjectName] Editor" joined alternative multi-casting on [225.0.0.222:34997]...

Refreshing native plugins compatible for Editor in 203.07 ms, found 3 plugins.
Preloading 0 native plugins for Editor in 0.00 ms.
Initialize engine version: 2021.3.23f1 (213b516bf396)
[Subsystems] Discovering subsystems at path C:/Program Files/Unity/Hub/Editor/2021.3.23f1/Editor/Data/Resources/UnitySubsystems
[Subsystems] Discovering subsystems at path C:/Users/GoodLife/Desktop/Server/Photon Server/Assets
GfxDevice: creating device client; threaded=0; jobified=0
Direct3D:
    Version:  Direct3D 11.0 [level 11.1]
    Renderer: NVIDIA GeForce RTX 3060 (ID=0x2487)
    Vendor:   NVIDIA
    VRAM:     12124 MB
    Driver:   31.0.15.2849
Initialize mono
Mono path[0] = 'C:/Program Files/Unity/Hub/Editor/2021.3.23f1/Editor/Data/Managed'
Mono path[1] = 'C:/Program Files/Unity/Hub/Editor/2021.3.23f1/Editor/Data/MonoBleedingEdge/lib/mono/unityjit-win32'
Mono config path = 'C:/Program Files/Unity/Hub/Editor/2021.3.23f1/Editor/Data/MonoBleedingEdge/etc'
Using monoOptions --debugger-agent=transport=dt_socket,embedding=1,server=y,suspend=n,address=127.0.0.1:56956
Begin MonoManager ReloadAssembly
Registering precompiled unity dll's ...
Register platform support module: C:/Program Files/Unity/Hub/Editor/2021.3.23f1/Editor/Data/PlaybackEngines/WebGLSupport/UnityEditor.WebGL.Extensions.dll
Register platform support module: C:/Program Files/Unity/Hub/Editor/2021.3.23f1/Editor/Data/PlaybackEngines/AndroidPlayer/UnityEditor.Android.Extensions.dll
Register platform support module: C:/Program Files/Unity/Hub/Editor/2021.3.23f1/Editor/Data/PlaybackEngines/WindowsStandaloneSupport/UnityEditor.WindowsStandalone.Extensions.dll
Registered in 0.263397 seconds.
Native extension for WindowsStandalone target not found
Native extension for Android target not found
Android Extension - Scanning For ADB Devices 362 ms
Native extension for WebGL target not found
Refreshing native plugins compatible for Editor in 102.27 ms, found 3 plugins.
Preloading 0 native plugins for Editor in 0.00 ms.
Mono: successfully reloaded assembly
- Completed reload, in  5.410 seconds
Domain Reload Profiling:
	ReloadAssembly (5411ms)
		BeginReloadAssembly (3292ms)
			ExecutionOrderSort (0ms)
			DisableScriptedObjects (0ms)
			BackupInstance (0ms)
			ReleaseScriptingObjects (0ms)
			CreateAndSetChildDomain (1ms)
		EndReloadAssembly (1550ms)
			LoadAssemblies (3293ms)
			RebuildTransferFunctionScriptingTraits (0ms)
			SetupTypeCache (696ms)
			ReleaseScriptCaches (0ms)
			RebuildScriptCaches (35ms)
			SetupLoadedEditorAssemblies (746ms)
				LogAssemblyErrors (0ms)
				InitializePlatformSupportModulesInManaged (449ms)
				SetLoadedEditorAssemblies (0ms)
				RefreshPlugins (102ms)
				BeforeProcessingInitializeOnLoad (2ms)
				ProcessInitializeOnLoadAttributes (115ms)
				ProcessInitializeOnLoadMethodAttributes (77ms)
				AfterProcessingInitializeOnLoad (0ms)
				EditorAssembliesLoaded (0ms)
			ExecutionOrderSort2 (0ms)
			AwakeInstancesAfterBackupRestoration (0ms)
Platform modules already initialized, skipping
Registering precompiled user dll's ...
Registered in 0.016285 seconds.
Begin MonoManager ReloadAssembly
Symbol file LoadedFromMemory doesn't match image C:\Users\GoodLife\Desktop\Server\Photon Server\Library\PackageCache\com.unity.visualscripting@1.8.0\Editor\VisualScripting.Core\Dependencies\YamlDotNet\Unity.VisualScripting.YamlDotNet.dll
Symbol file LoadedFromMemory doesn't match image C:\Users\GoodLife\Desktop\Server\Photon Server\Library\PackageCache\com.unity.visualscripting@1.8.0\Editor\VisualScripting.Core\Dependencies\DotNetZip\Unity.VisualScripting.IonicZip.dll
Native extension for WindowsStandalone target not found
Native extension for Android target not found
Native extension for WebGL target not found
Refreshing native plugins compatible for Editor in 0.68 ms, found 3 plugins.
Preloading 0 native plugins for Editor in 0.00 ms.
Mono: successfully reloaded assembly
- Completed reload, in  1.774 seconds
Domain Reload Profiling:
	ReloadAssembly (1775ms)
		BeginReloadAssembly (146ms)
			ExecutionOrderSort (0ms)
			DisableScriptedObjects (7ms)
			BackupInstance (0ms)
			ReleaseScriptingObjects (0ms)
			CreateAndSetChildDomain (20ms)
		EndReloadAssembly (1486ms)
			LoadAssemblies (130ms)
			RebuildTransferFunctionScriptingTraits (0ms)
			SetupTypeCache (431ms)
			ReleaseScriptCaches (1ms)
			RebuildScriptCaches (70ms)
			SetupLoadedEditorAssemblies (816ms)
				LogAssemblyErrors (0ms)
				InitializePlatformSupportModulesInManaged (27ms)
				SetLoadedEditorAssemblies (1ms)
				RefreshPlugins (1ms)
				BeforeProcessingInitializeOnLoad (124ms)
				ProcessInitializeOnLoadAttributes (623ms)
				ProcessInitializeOnLoadMethodAttributes (27ms)
				AfterProcessingInitializeOnLoad (14ms)
				EditorAssembliesLoaded (0ms)
			ExecutionOrderSort2 (0ms)
			AwakeInstancesAfterBackupRestoration (8ms)
Platform modules already initialized, skipping
========================================================================
Worker process is ready to serve import requests
Launched and connected shader compiler UnityShaderCompiler.exe after 0.05 seconds
Refreshing native plugins compatible for Editor in 0.70 ms, found 3 plugins.
Preloading 0 native plugins for Editor in 0.00 ms.
Unloading 3413 Unused Serialized files (Serialized files now loaded: 0)
Unloading 35 unused Assets / (56.7 KB). Loaded Objects now: 3870.
Memory consumption went from 124.3 MB to 124.2 MB.
Total: 3.760500 ms (FindLiveObjects: 0.476800 ms CreateObjectMapping: 0.138300 ms MarkObjects: 3.022700 ms  DeleteObjects: 0.121100 ms)

AssetImportParameters requested are different than current active one (requested -> active):
  custom:video-decoder-ogg-theora: a1e56fd34408186e4bbccfd4996cb3dc -> 
  custom:container-muxer-webm: aa71ff27fc2769a1b78a27578f13a17b -> 
  custom:container-demuxer-webm: 4f35f7cbe854078d1ac9338744f61a02 -> 
  custom:video-encoder-webm-vp8: eb34c28f22e8b96e1ab97ce403110664 -> 
  custom:audio-encoder-webm-vorbis: bf7c407c2cedff20999df2af8eb42d56 -> 
  custom:framework-win-MediaFoundation: 216162199b28c13a410421893ffa2e32 -> 
  custom:container-demuxer-ogg: 62fdf1f143b41e24485cea50d1cbac27 -> 
  custom:video-decoder-webm-vp8: 9c59270c3fd7afecdb556c50c9e8de78 -> 
  custom:audio-decoder-ogg-vorbis: bf7c407c2cedff20999df2af8eb42d56 -> 
========================================================================
Received Import Request.
  Time since last request: 351858.949785 seconds.
  path: Assets/Scenes/Photon Game.unity
  artifactKey: Guid(a1167a74e6e52cb4aa3ded9aac7d7197) Importer(815301076,1909f56bfc062723c751e8b465ee728b)
Start importing Assets/Scenes/Photon Game.unity using Guid(a1167a74e6e52cb4aa3ded9aac7d7197) Importer(815301076,1909f56bfc062723c751e8b465ee728b)  -> (artifact id: '0bc80eabf7f38641522ed45a670ace14') in 0.017819 seconds 
========================================================================
Received Import Request.
  Time since last request: 196.807550 seconds.
  path: Assets/Resources/Room.prefab
  artifactKey: Guid(a4f4d12741031d24a902d85d90edec57) Importer(815301076,1909f56bfc062723c751e8b465ee728b)
Start importing Assets/Resources/Room.prefab using Guid(a4f4d12741031d24a902d85d90edec57) Importer(815301076,1909f56bfc062723c751e8b465ee728b)  -> (artifact id: '54bc870dbf10d103d0370840d15c2652') in 0.064525 seconds 
========================================================================
Received Import Request.
  Time since last request: 23.102411 seconds.
  path: Assets/Resources/Room.prefab
  artifactKey: Guid(a4f4d12741031d24a902d85d90edec57) Importer(815301076,1909f56bfc062723c751e8b465ee728b)
Start importing Assets/Resources/Room.prefab using Guid(a4f4d12741031d24a902d85d90edec57) Importer(815301076,1909f56bfc062723c751e8b465ee728b)  -> (artifact id: 'db97559d65fd6f3f522977c199ad174f') in 0.006150 seconds 
========================================================================
Received Import Request.
  Time since last request: 46.936095 seconds.
  path: Assets/Resources/Room.prefab
  artifactKey: Guid(a4f4d12741031d24a902d85d90edec57) Importer(815301076,1909f56bfc062723c751e8b465ee728b)
Start importing Assets/Resources/Room.prefab using Guid(a4f4d12741031d24a902d85d90edec57) Importer(815301076,1909f56bfc062723c751e8b465ee728b)  -> (artifact id: '705e729abf36b45587804de359ad9d4e') in 0.006663 seconds 
========================================================================
Received Import Request.
  Time since last request: 170.656298 seconds.
  path: Assets/Resources/Room.prefab
  artifactKey: Guid(a4f4d12741031d24a902d85d90edec57) Importer(815301076,1909f56bfc062723c751e8b465ee728b)
Start importing Assets/Resources/Room.prefab using Guid(a4f4d12741031d24a902d85d90edec57) Importer(815301076,1909f56bfc062723c751e8b465ee728b)  -> (artifact id: '1ecf9e786dff437c50e799c4800c2c00') in 0.007193 seconds 
========================================================================
Received Import Request.
  Time since last request: 21.961723 seconds.
  path: Assets/Resources/Room.prefab
  artifactKey: Guid(a4f4d12741031d24a902d85d90edec57) Importer(815301076,1909f56bfc062723c751e8b465ee728b)
Start importing Assets/Resources/Room.prefab using Guid(a4f4d12741031d24a902d85d90edec57) Importer(815301076,1909f56bfc062723c751e8b465ee728b)  -> (artifact id: '5d6614fbe8f288600192983e488944f2') in 0.007091 seconds 
========================================================================
Received Import Request.
  Time since last request: 24.580314 seconds.
  path: Assets/Resources/Room.prefab
  artifactKey: Guid(a4f4d12741031d24a902d85d90edec57) Importer(815301076,1909f56bfc062723c751e8b465ee728b)
Start importing Assets/Resources/Room.prefab using Guid(a4f4d12741031d24a902d85d90edec57) Importer(815301076,1909f56bfc062723c751e8b465ee728b)  -> (artifact id: 'cba19041b3540a06ad3666b71687f3c6') in 0.006653 seconds 
========================================================================
Received Import Request.
  Time since last request: 1.998087 seconds.
  path: Assets/Resources/Room.prefab
  artifactKey: Guid(a4f4d12741031d24a902d85d90edec57) Importer(815301076,1909f56bfc062723c751e8b465ee728b)
Start importing Assets/Resources/Room.prefab using Guid(a4f4d12741031d24a902d85d90edec57) Importer(815301076,1909f56bfc062723c751e8b465ee728b)  -> (artifact id: '1188eb53a9927ebfbd23d6e64a75b06a') in 0.006819 seconds 
========================================================================
Received Import Request.
  Time since last request: 8.484922 seconds.
  path: Assets/Resources/Room.prefab
  artifactKey: Guid(a4f4d12741031d24a902d85d90edec57) Importer(815301076,1909f56bfc062723c751e8b465ee728b)
Start importing Assets/Resources/Room.prefab using Guid(a4f4d12741031d24a902d85d90edec57) Importer(815301076,1909f56bfc062723c751e8b465ee728b)  -> (artifact id: '21422213efb05fe2e430d8bb864bb886') in 0.005136 seconds 
========================================================================
Received Import Request.
  Time since last request: 38.798631 seconds.
  path: Assets/Resources/Room.prefab
  artifactKey: Guid(a4f4d12741031d24a902d85d90edec57) Importer(815301076,1909f56bfc062723c751e8b465ee728b)
Start importing Assets/Resources/Room.prefab using Guid(a4f4d12741031d24a902d85d90edec57) Importer(815301076,1909f56bfc062723c751e8b465ee728b)  -> (artifact id: 'b7d86d86199b018f2b490efd69bc6211') in 0.006341 seconds 
========================================================================
Received Import Request.
  Time since last request: 391.499552 seconds.
  path: Assets/Scenes/Photon Lobby.unity
  artifactKey: Guid(776faa6d2c130e148ae7e785ee421bb4) Importer(815301076,1909f56bfc062723c751e8b465ee728b)
Start importing Assets/Scenes/Photon Lobby.unity using Guid(776faa6d2c130e148ae7e785ee421bb4) Importer(815301076,1909f56bfc062723c751e8b465ee728b)  -> (artifact id: 'bed6d67e74690c9d255f665c5e3d37c6') in 0.014454 seconds 
========================================================================
Received Import Request.
  Time since last request: 0.886338 seconds.
  path: Assets/Scenes/Photon Room.unity
  artifactKey: Guid(d210ef015e35874469202c2b9ea8d67d) Importer(815301076,1909f56bfc062723c751e8b465ee728b)
Start importing Assets/Scenes/Photon Room.unity using Guid(d210ef015e35874469202c2b9ea8d67d) Importer(815301076,1909f56bfc062723c751e8b465ee728b)  -> (artifact id: '187d4629e8c47c3246b2349cb2aa36db') in 0.012575 seconds 
========================================================================
Received Prepare
Registering precompiled user dll's ...
Registered in 0.015017 seconds.
Begin MonoManager ReloadAssembly
Symbol file LoadedFromMemory doesn't match image C:\Users\GoodLife\Desktop\Server\Photon Server\Library\PackageCache\com.unity.visualscripting@1.8.0\Editor\VisualScripting.Core\Dependencies\YamlDotNet\Unity.VisualScripting.YamlDotNet.dll
Symbol file LoadedFromMemory doesn't match image C:\Users\GoodLife\Desktop\Server\Photon Server\Library\PackageCache\com.unity.visualscripting@1.8.0\Editor\VisualScripting.Core\Dependencies\DotNetZip\Unity.VisualScripting.IonicZip.dll
Native extension for WindowsStandalone target not found
Native extension for Android target not found
Native extension for WebGL target not found
Refreshing native plugins compatible for Editor in 0.64 ms, found 3 plugins.
Preloading 0 native plugins for Editor in 0.00 ms.
Mono: successfully reloaded assembly
- Completed reload, in  1.589 seconds
Domain Reload Profiling:
	ReloadAssembly (1589ms)
		BeginReloadAssembly (191ms)
			ExecutionOrderSort (0ms)
			DisableScriptedObjects (6ms)
			BackupInstance (0ms)
			ReleaseScriptingObjects (0ms)
			CreateAndSetChildDomain (45ms)
		EndReloadAssembly (1269ms)
			LoadAssemblies (139ms)
			RebuildTransferFunctionScriptingTraits (0ms)
			SetupTypeCache (366ms)
			ReleaseScriptCaches (2ms)
			RebuildScriptCaches (52ms)
			SetupLoadedEditorAssemblies (666ms)
				LogAssemblyErrors (0ms)
				InitializePlatformSupportModulesInManaged (29ms)
				SetLoadedEditorAssemblies (1ms)
				RefreshPlugins (1ms)
				BeforeProcessingInitializeOnLoad (93ms)
				ProcessInitializeOnLoadAttributes (501ms)
				ProcessInitializeOnLoadMethodAttributes (26ms)
				AfterProcessingInitializeOnLoad (15ms)
				EditorAssembliesLoaded (0ms)
			ExecutionOrderSort2 (0ms)
			AwakeInstancesAfterBackupRestoration (12ms)
Platform modules already initialized, skipping
Refreshing native plugins compatible for Editor in 2.71 ms, found 3 plugins.
Preloading 0 native plugins for Editor in 0.00 ms.
Unloading 3390 Unused Serialized files (Serialized files now loaded: 0)
Unloading 27 unused Assets / (25.4 KB). Loaded Objects now: 3876.
Memory consumption went from 122.6 MB to 122.6 MB.
Total: 3.256200 ms (FindLiveObjects: 0.429600 ms CreateObjectMapping: 0.094300 ms MarkObjects: 2.691300 ms  DeleteObjects: 0.039000 ms)

AssetImportParameters requested are different than current active one (requested -> active):
  custom:video-decoder-ogg-theora: a1e56fd34408186e4bbccfd4996cb3dc -> 
  custom:container-muxer-webm: aa71ff27fc2769a1b78a27578f13a17b -> 
  custom:container-demuxer-webm: 4f35f7cbe854078d1ac9338744f61a02 -> 
  custom:video-encoder-webm-vp8: eb34c28f22e8b96e1ab97ce403110664 -> 
  custom:audio-encoder-webm-vorbis: bf7c407c2cedff20999df2af8eb42d56 -> 
  custom:framework-win-MediaFoundation: 216162199b28c13a410421893ffa2e32 -> 
  custom:container-demuxer-ogg: 62fdf1f143b41e24485cea50d1cbac27 -> 
  custom:video-decoder-webm-vp8: 9c59270c3fd7afecdb556c50c9e8de78 -> 
  custom:audio-decoder-ogg-vorbis: bf7c407c2cedff20999df2af8eb42d56 -> 
========================================================================
Received Import Request.
  Time since last request: 53.873109 seconds.
  path: Assets/Scenes/Photon Room.unity
  artifactKey: Guid(d210ef015e35874469202c2b9ea8d67d) Importer(815301076,1909f56bfc062723c751e8b465ee728b)
Start importing Assets/Scenes/Photon Room.unity using Guid(d210ef015e35874469202c2b9ea8d67d) Importer(815301076,1909f56bfc062723c751e8b465ee728b)  -> (artifact id: '9f6427a93e1d8c85298799a2070b5526') in 0.010842 seconds 
========================================================================
Received Import Request.
  Time since last request: 928.715122 seconds.
  path: Assets/Photon/PhotonUnityNetworking/Resources/PhotonServerSettings.asset
  artifactKey: Guid(a83942774dc223d49bf9d9f680b35449) Importer(815301076,1909f56bfc062723c751e8b465ee728b)
Start importing Assets/Photon/PhotonUnityNetworking/Resources/PhotonServerSettings.asset using Guid(a83942774dc223d49bf9d9f680b35449) Importer(815301076,1909f56bfc062723c751e8b465ee728b)  -> (artifact id: '97452f17605d349b73f513c6ad4d648d') in 0.026946 seconds 
========================================================================
Received Prepare
Registering precompiled user dll's ...
Registered in 0.014732 seconds.
Begin MonoManager ReloadAssembly
Symbol file LoadedFromMemory doesn't match image C:\Users\GoodLife\Desktop\Server\Photon Server\Library\PackageCache\com.unity.visualscripting@1.8.0\Editor\VisualScripting.Core\Dependencies\YamlDotNet\Unity.VisualScripting.YamlDotNet.dll
Symbol file LoadedFromMemory doesn't match image C:\Users\GoodLife\Desktop\Server\Photon Server\Library\PackageCache\com.unity.visualscripting@1.8.0\Editor\VisualScripting.Core\Dependencies\DotNetZip\Unity.VisualScripting.IonicZip.dll
Native extension for WindowsStandalone target not found
Native extension for Android target not found
Native extension for WebGL target not found
Refreshing native plugins compatible for Editor in 0.59 ms, found 3 plugins.
Preloading 0 native plugins for Editor in 0.00 ms.
Mono: successfully reloaded assembly
- Completed reload, in  1.522 seconds
Domain Reload Profiling:
	ReloadAssembly (1523ms)
		BeginReloadAssembly (187ms)
			ExecutionOrderSort (0ms)
			DisableScriptedObjects (7ms)
			BackupInstance (0ms)
			ReleaseScriptingObjects (0ms)
			CreateAndSetChildDomain (44ms)
		EndReloadAssembly (1206ms)
			LoadAssemblies (136ms)
			RebuildTransferFunctionScriptingTraits (0ms)
			SetupTypeCache (359ms)
			ReleaseScriptCaches (1ms)
			RebuildScriptCaches (53ms)
			SetupLoadedEditorAssemblies (614ms)
				LogAssemblyErrors (0ms)
				InitializePlatformSupportModulesInManaged (26ms)
				SetLoadedEditorAssemblies (0ms)
				RefreshPlugins (1ms)
				BeforeProcessingInitializeOnLoad (92ms)
				ProcessInitializeOnLoadAttributes (457ms)
				ProcessInitializeOnLoadMethodAttributes (24ms)
				AfterProcessingInitializeOnLoad (14ms)
				EditorAssembliesLoaded (0ms)
			ExecutionOrderSort2 (0ms)
			AwakeInstancesAfterBackupRestoration (11ms)
Platform modules already initialized, skipping
Refreshing native plugins compatible for Editor in 2.85 ms, found 3 plugins.
Preloading 0 native plugins for Editor in 0.00 ms.
Unloading 3390 Unused Serialized files (Serialized files now loaded: 0)
Unloading 26 unused Assets / (24.7 KB). Loaded Objects now: 3881.
Memory consumption went from 122.6 MB to 122.6 MB.
Total: 3.136700 ms (FindLiveObjects: 0.400800 ms CreateObjectMapping: 0.110700 ms MarkObjects: 2.594500 ms  DeleteObjects: 0.029400 ms)

AssetImportParameters requested are different than current active one (requested -> active):
  custom:video-decoder-ogg-theora: a1e56fd34408186e4bbccfd4996cb3dc -> 
  custom:container-muxer-webm: aa71ff27fc2769a1b78a27578f13a17b -> 
  custom:container-demuxer-webm: 4f35f7cbe854078d1ac9338744f61a02 -> 
  custom:video-encoder-webm-vp8: eb34c28f22e8b96e1ab97ce403110664 -> 
  custom:audio-encoder-webm-vorbis: bf7c407c2cedff20999df2af8eb42d56 -> 
  custom:framework-win-MediaFoundation: 216162199b28c13a410421893ffa2e32 -> 
  custom:container-demuxer-ogg: 62fdf1f143b41e24485cea50d1cbac27 -> 
  custom:video-decoder-webm-vp8: 9c59270c3fd7afecdb556c50c9e8de78 -> 
  custom:audio-decoder-ogg-vorbis: bf7c407c2cedff20999df2af8eb42d56 -> 
========================================================================
Received Import Request.
  Time since last request: 1150.049868 seconds.
  path: Assets/Models
  artifactKey: Guid(06f2dc52fa0db3e468885d87f153f050) Importer(815301076,1909f56bfc062723c751e8b465ee728b)
Start importing Assets/Models using Guid(06f2dc52fa0db3e468885d87f153f050) Importer(815301076,1909f56bfc062723c751e8b465ee728b)  -> (artifact id: '8a8f628bb0361c7975ea92285c37eced') in 0.017033 seconds 
========================================================================
Received Import Request.
  Time since last request: 6.404880 seconds.
  path: Assets/Animations
  artifactKey: Guid(ae1f4a517fff2dc4ab204ae502160668) Importer(815301076,1909f56bfc062723c751e8b465ee728b)
Start importing Assets/Animations using Guid(ae1f4a517fff2dc4ab204ae502160668) Importer(815301076,1909f56bfc062723c751e8b465ee728b)  -> (artifact id: '4e975b0dbebb2c9a968f009caba14381') in 0.012332 seconds 
========================================================================
Received Import Request.
  Time since last request: 33.140618 seconds.
  path: Assets/Texture/Treasure Box.png
  artifactKey: Guid(1634d4aae749471468b5cae99d38597c) Importer(815301076,1909f56bfc062723c751e8b465ee728b)
Start importing Assets/Texture/Treasure Box.png using Guid(1634d4aae749471468b5cae99d38597c) Importer(815301076,1909f56bfc062723c751e8b465ee728b)  -> (artifact id: '874f3efbb886bb1160f8814e7fb1228b') in 0.063178 seconds 
========================================================================
Received Import Request.
  Time since last request: 47.077838 seconds.
  path: Assets/Animations/Idle.fbx
  artifactKey: Guid(1ece70e0d993dd14b8ba10a09b2fa0e3) Importer(815301076,1909f56bfc062723c751e8b465ee728b)
Start importing Assets/Animations/Idle.fbx using Guid(1ece70e0d993dd14b8ba10a09b2fa0e3) Importer(815301076,1909f56bfc062723c751e8b465ee728b)  -> (artifact id: 'd6d510210fea62e32d5755b34253f978') in 0.059234 seconds 
========================================================================
Received Import Request.
  Time since last request: 15.329377 seconds.
  path: Assets/Animations/Idle.fbx
  artifactKey: Guid(1ece70e0d993dd14b8ba10a09b2fa0e3) Importer(815301076,1909f56bfc062723c751e8b465ee728b)
Start importing Assets/Animations/Idle.fbx using Guid(1ece70e0d993dd14b8ba10a09b2fa0e3) Importer(815301076,1909f56bfc062723c751e8b465ee728b)  -> (artifact id: '9ee954adb7e8a69099d89c7e9f14768a') in 0.007953 seconds 
========================================================================
Received Import Request.
  Time since last request: 7.297212 seconds.
  path: Assets/Models/Character.fbx
  artifactKey: Guid(347d75f6bf995d044aa892939aed2fd6) Importer(815301076,1909f56bfc062723c751e8b465ee728b)
Start importing Assets/Models/Character.fbx using Guid(347d75f6bf995d044aa892939aed2fd6) Importer(815301076,1909f56bfc062723c751e8b465ee728b)  -> (artifact id: '8f5a3eccc6d4469ee927a9aea6a337d2') in 0.661374 seconds 
========================================================================
Received Import Request.
  Time since last request: 37.440191 seconds.
  path: Assets/Models/Character.fbx
  artifactKey: Guid(347d75f6bf995d044aa892939aed2fd6) Importer(815301076,1909f56bfc062723c751e8b465ee728b)
Start importing Assets/Models/Character.fbx using Guid(347d75f6bf995d044aa892939aed2fd6) Importer(815301076,1909f56bfc062723c751e8b465ee728b)  -> (artifact id: '95be18fe48c0b32962fdc599331eb89e') in 0.526695 seconds 
========================================================================
Received Import Request.
  Time since last request: 1.589274 seconds.
  path: Assets/Models/Character.fbx
  artifactKey: Guid(347d75f6bf995d044aa892939aed2fd6) Importer(815301076,1909f56bfc062723c751e8b465ee728b)
Start importing Assets/Models/Character.fbx using Guid(347d75f6bf995d044aa892939aed2fd6) Importer(815301076,1909f56bfc062723c751e8b465ee728b)  -> (artifact id: 'c9ff8a97e1e153127d35e052f4d57309') in 0.113960 seconds 
========================================================================
Received Import Request.
  Time since last request: 274.241813 seconds.
  path: Assets/Scripts/PhotonPlayer.cs
  artifactKey: Guid(7567299f4636a0f4094718304ff0c5ca) Importer(815301076,1909f56bfc062723c751e8b465ee728b)
Start importing Assets/Scripts/PhotonPlayer.cs using Guid(7567299f4636a0f4094718304ff0c5ca) Importer(815301076,1909f56bfc062723c751e8b465ee728b)  -> (artifact id: 'b9500656208b0c0ce1f42ec619906fe1') in 0.014923 seconds 
========================================================================
Received Prepare
Registering precompiled user dll's ...
Registered in 0.016070 seconds.
Begin MonoManager ReloadAssembly
Symbol file LoadedFromMemory doesn't match image C:\Users\GoodLife\Desktop\Server\Photon Server\Library\PackageCache\com.unity.visualscripting@1.8.0\Editor\VisualScripting.Core\Dependencies\YamlDotNet\Unity.VisualScripting.YamlDotNet.dll
Symbol file LoadedFromMemory doesn't match image C:\Users\GoodLife\Desktop\Server\Photon Server\Library\PackageCache\com.unity.visualscripting@1.8.0\Editor\VisualScripting.Core\Dependencies\DotNetZip\Unity.VisualScripting.IonicZip.dll
Native extension for WindowsStandalone target not found
Native extension for Android target not found
Native extension for WebGL target not found
Refreshing native plugins compatible for Editor in 0.71 ms, found 3 plugins.
Preloading 0 native plugins for Editor in 0.00 ms.
Mono: successfully reloaded assembly
- Completed reload, in  1.626 seconds
Domain Reload Profiling:
	ReloadAssembly (1626ms)
		BeginReloadAssembly (180ms)
			ExecutionOrderSort (0ms)
			DisableScriptedObjects (5ms)
			BackupInstance (0ms)
			ReleaseScriptingObjects (0ms)
			CreateAndSetChildDomain (43ms)
		EndReloadAssembly (1323ms)
			LoadAssemblies (127ms)
			RebuildTransferFunctionScriptingTraits (0ms)
			SetupTypeCache (352ms)
			ReleaseScriptCaches (2ms)
			RebuildScriptCaches (49ms)
			SetupLoadedEditorAssemblies (740ms)
				LogAssemblyErrors (0ms)
				InitializePlatformSupportModulesInManaged (26ms)
				SetLoadedEditorAssemblies (1ms)
				RefreshPlugins (1ms)
				BeforeProcessingInitializeOnLoad (91ms)
				ProcessInitializeOnLoadAttributes (582ms)
				ProcessInitializeOnLoadMethodAttributes (24ms)
				AfterProcessingInitializeOnLoad (15ms)
				EditorAssembliesLoaded (0ms)
			ExecutionOrderSort2 (0ms)
			AwakeInstancesAfterBackupRestoration (13ms)
Platform modules already initialized, skipping
Refreshing native plugins compatible for Editor in 3.03 ms, found 3 plugins.
Preloading 0 native plugins for Editor in 0.00 ms.
Unloading 3391 Unused Serialized files (Serialized files now loaded: 0)
Unloading 26 unused Assets / (24.6 KB). Loaded Objects now: 3933.
Memory consumption went from 140.1 MB to 140.1 MB.
Total: 3.118900 ms (FindLiveObjects: 0.455500 ms CreateObjectMapping: 0.099400 ms MarkObjects: 2.530200 ms  DeleteObjects: 0.032300 ms)

AssetImportParameters requested are different than current active one (requested -> active):
  custom:video-decoder-ogg-theora: a1e56fd34408186e4bbccfd4996cb3dc -> 
  custom:container-muxer-webm: aa71ff27fc2769a1b78a27578f13a17b -> 
  custom:container-demuxer-webm: 4f35f7cbe854078d1ac9338744f61a02 -> 
  custom:video-encoder-webm-vp8: eb34c28f22e8b96e1ab97ce403110664 -> 
  custom:audio-encoder-webm-vorbis: bf7c407c2cedff20999df2af8eb42d56 -> 
  custom:framework-win-MediaFoundation: 216162199b28c13a410421893ffa2e32 -> 
  custom:container-demuxer-ogg: 62fdf1f143b41e24485cea50d1cbac27 -> 
  custom:video-decoder-webm-vp8: 9c59270c3fd7afecdb556c50c9e8de78 -> 
  custom:audio-decoder-ogg-vorbis: bf7c407c2cedff20999df2af8eb42d56 -> 
========================================================================
Received Import Request.
  Time since last request: 99.651075 seconds.
  path: Assets/Resources/Character.prefab
  artifactKey: Guid(cc2acb6b8aeb0074a9e5f16e0c4dc571) Importer(815301076,1909f56bfc062723c751e8b465ee728b)
Start importing Assets/Resources/Character.prefab using Guid(cc2acb6b8aeb0074a9e5f16e0c4dc571) Importer(815301076,1909f56bfc062723c751e8b465ee728b)  -> (artifact id: 'cfe22dc805773914019e518121312706') in 0.125611 seconds 
========================================================================
Received Import Request.
  Time since last request: 269.108141 seconds.
  path: Assets/Resources/Character.prefab
  artifactKey: Guid(cc2acb6b8aeb0074a9e5f16e0c4dc571) Importer(815301076,1909f56bfc062723c751e8b465ee728b)
Start importing Assets/Resources/Character.prefab using Guid(cc2acb6b8aeb0074a9e5f16e0c4dc571) Importer(815301076,1909f56bfc062723c751e8b465ee728b)  -> (artifact id: 'ed6d420f96b9c3b2ffb41c421b604e18') in 0.054594 seconds 
========================================================================
Received Import Request.
  Time since last request: 16.446721 seconds.
  path: Assets/Resources/Character.prefab
  artifactKey: Guid(cc2acb6b8aeb0074a9e5f16e0c4dc571) Importer(815301076,1909f56bfc062723c751e8b465ee728b)
Start importing Assets/Resources/Character.prefab using Guid(cc2acb6b8aeb0074a9e5f16e0c4dc571) Importer(815301076,1909f56bfc062723c751e8b465ee728b)  -> (artifact id: '76f72e94d55d0709adb8cbce6ea9bbbc') in 0.039492 seconds 
========================================================================
Received Import Request.
  Time since last request: 23.966827 seconds.
  path: Assets/Resources/Character.prefab
  artifactKey: Guid(cc2acb6b8aeb0074a9e5f16e0c4dc571) Importer(815301076,1909f56bfc062723c751e8b465ee728b)
Start importing Assets/Resources/Character.prefab using Guid(cc2acb6b8aeb0074a9e5f16e0c4dc571) Importer(815301076,1909f56bfc062723c751e8b465ee728b)  -> (artifact id: '47e605557b1113d0e04047c0895d0137') in 0.034743 seconds 
========================================================================
Received Import Request.
  Time since last request: 27.962401 seconds.
  path: Assets/Resources/Character.prefab
  artifactKey: Guid(cc2acb6b8aeb0074a9e5f16e0c4dc571) Importer(815301076,1909f56bfc062723c751e8b465ee728b)
Start importing Assets/Resources/Character.prefab using Guid(cc2acb6b8aeb0074a9e5f16e0c4dc571) Importer(815301076,1909f56bfc062723c751e8b465ee728b)  -> (artifact id: 'c3b53cda76b6acaf2cd143b51ececc85') in 0.047031 seconds 
========================================================================
Received Import Request.
  Time since last request: 35.504982 seconds.
  path: Assets/Scripts/GameManager.cs
  artifactKey: Guid(ef5b1a13c73fad34c98345d15672f181) Importer(815301076,1909f56bfc062723c751e8b465ee728b)
Start importing Assets/Scripts/GameManager.cs using Guid(ef5b1a13c73fad34c98345d15672f181) Importer(815301076,1909f56bfc062723c751e8b465ee728b)  -> (artifact id: '14cc36eb8ebfdefaa30d80a25ee410de') in 0.014126 seconds 
========================================================================
Received Prepare
Registering precompiled user dll's ...
Registered in 0.014467 seconds.
Begin MonoManager ReloadAssembly
Symbol file LoadedFromMemory doesn't match image C:\Users\GoodLife\Desktop\Server\Photon Server\Library\PackageCache\com.unity.visualscripting@1.8.0\Editor\VisualScripting.Core\Dependencies\YamlDotNet\Unity.VisualScripting.YamlDotNet.dll
Symbol file LoadedFromMemory doesn't match image C:\Users\GoodLife\Desktop\Server\Photon Server\Library\PackageCache\com.unity.visualscripting@1.8.0\Editor\VisualScripting.Core\Dependencies\DotNetZip\Unity.VisualScripting.IonicZip.dll
Native extension for WindowsStandalone target not found
Native extension for Android target not found
Native extension for WebGL target not found
Refreshing native plugins compatible for Editor in 0.75 ms, found 3 plugins.
Preloading 0 native plugins for Editor in 0.00 ms.
Mono: successfully reloaded assembly
- Completed reload, in  1.515 seconds
Domain Reload Profiling:
	ReloadAssembly (1516ms)
		BeginReloadAssembly (190ms)
			ExecutionOrderSort (0ms)
			DisableScriptedObjects (6ms)
			BackupInstance (0ms)
			ReleaseScriptingObjects (0ms)
			CreateAndSetChildDomain (46ms)
		EndReloadAssembly (1200ms)
			LoadAssemblies (136ms)
			RebuildTransferFunctionScriptingTraits (0ms)
			SetupTypeCache (350ms)
			ReleaseScriptCaches (1ms)
			RebuildScriptCaches (49ms)
			SetupLoadedEditorAssemblies (623ms)
				LogAssemblyErrors (0ms)
				InitializePlatformSupportModulesInManaged (27ms)
				SetLoadedEditorAssemblies (0ms)
				RefreshPlugins (1ms)
				BeforeProcessingInitializeOnLoad (90ms)
				ProcessInitializeOnLoadAttributes (464ms)
				ProcessInitializeOnLoadMethodAttributes (26ms)
				AfterProcessingInitializeOnLoad (14ms)
				EditorAssembliesLoaded (0ms)
			ExecutionOrderSort2 (0ms)
			AwakeInstancesAfterBackupRestoration (10ms)
Platform modules already initialized, skipping
Refreshing native plugins compatible for Editor in 3.15 ms, found 3 plugins.
Preloading 0 native plugins for Editor in 0.00 ms.
Unloading 3392 Unused Serialized files (Serialized files now loaded: 0)
Unloading 26 unused Assets / (25.7 KB). Loaded Objects now: 3939.
Memory consumption went from 140.2 MB to 140.1 MB.
Total: 2.986900 ms (FindLiveObjects: 0.403300 ms CreateObjectMapping: 0.095700 ms MarkObjects: 2.457000 ms  DeleteObjects: 0.029700 ms)

AssetImportParameters requested are different than current active one (requested -> active):
  custom:video-decoder-ogg-theora: a1e56fd34408186e4bbccfd4996cb3dc -> 
  custom:container-muxer-webm: aa71ff27fc2769a1b78a27578f13a17b -> 
  custom:container-demuxer-webm: 4f35f7cbe854078d1ac9338744f61a02 -> 
  custom:video-encoder-webm-vp8: eb34c28f22e8b96e1ab97ce403110664 -> 
  custom:audio-encoder-webm-vorbis: bf7c407c2cedff20999df2af8eb42d56 -> 
  custom:framework-win-MediaFoundation: 216162199b28c13a410421893ffa2e32 -> 
  custom:container-demuxer-ogg: 62fdf1f143b41e24485cea50d1cbac27 -> 
  custom:video-decoder-webm-vp8: 9c59270c3fd7afecdb556c50c9e8de78 -> 
  custom:audio-decoder-ogg-vorbis: bf7c407c2cedff20999df2af8eb42d56 -> 
========================================================================
Received Import Request.
  Time since last request: 105.992955 seconds.
  path: Assets/Animators
  artifactKey: Guid(978a8fe33cf5ff04f9ca550c9889e55b) Importer(815301076,1909f56bfc062723c751e8b465ee728b)
Start importing Assets/Animators using Guid(978a8fe33cf5ff04f9ca550c9889e55b) Importer(815301076,1909f56bfc062723c751e8b465ee728b)  -> (artifact id: '89f3f970315f4ce9f18d9b78d671e6d2') in 0.016449 seconds 
========================================================================
Received Import Request.
  Time since last request: 23.973017 seconds.
  path: Assets/Animators/New Animator Controller.controller
  artifactKey: Guid(47b0be2622529b948ba911132b528e59) Importer(815301076,1909f56bfc062723c751e8b465ee728b)
Start importing Assets/Animators/New Animator Controller.controller using Guid(47b0be2622529b948ba911132b528e59) Importer(815301076,1909f56bfc062723c751e8b465ee728b)  -> (artifact id: '4f0912139245c5ce3e3446d2df7f9610') in 0.025724 seconds 
========================================================================
Received Import Request.
  Time since last request: 76.423004 seconds.
  path: Assets/Resources/Character.prefab
  artifactKey: Guid(cc2acb6b8aeb0074a9e5f16e0c4dc571) Importer(815301076,1909f56bfc062723c751e8b465ee728b)
Start importing Assets/Resources/Character.prefab using Guid(cc2acb6b8aeb0074a9e5f16e0c4dc571) Importer(815301076,1909f56bfc062723c751e8b465ee728b)  -> (artifact id: 'dc85a593d78a69d83a5dcf1aa4be87f3') in 0.167936 seconds 
========================================================================
Received Import Request.
  Time since last request: 71.184774 seconds.
  path: Assets/Resources/Character.prefab
  artifactKey: Guid(cc2acb6b8aeb0074a9e5f16e0c4dc571) Importer(815301076,1909f56bfc062723c751e8b465ee728b)
Start importing Assets/Resources/Character.prefab using Guid(cc2acb6b8aeb0074a9e5f16e0c4dc571) Importer(815301076,1909f56bfc062723c751e8b465ee728b)  -> (artifact id: 'c1ce4794979e56513d6459ef711619ff') in 0.107846 seconds 
========================================================================
Received Import Request.
  Time since last request: 19.833690 seconds.
  path: Assets/Resources/Character.prefab
  artifactKey: Guid(cc2acb6b8aeb0074a9e5f16e0c4dc571) Importer(815301076,1909f56bfc062723c751e8b465ee728b)
Start importing Assets/Resources/Character.prefab using Guid(cc2acb6b8aeb0074a9e5f16e0c4dc571) Importer(815301076,1909f56bfc062723c751e8b465ee728b)  -> (artifact id: 'b59f3ff9e8c83eacd072020fcdd21e55') in 0.055588 seconds 
========================================================================
Received Import Request.
  Time since last request: 2.427800 seconds.
  path: Assets/Resources/Character.prefab
  artifactKey: Guid(cc2acb6b8aeb0074a9e5f16e0c4dc571) Importer(815301076,1909f56bfc062723c751e8b465ee728b)
Start importing Assets/Resources/Character.prefab using Guid(cc2acb6b8aeb0074a9e5f16e0c4dc571) Importer(815301076,1909f56bfc062723c751e8b465ee728b)  -> (artifact id: 'cdbece4f2d9f2d34ddf2d9f9ce1af3f8') in 0.057334 seconds 
========================================================================
Received Import Request.
  Time since last request: 5.362928 seconds.
  path: Assets/Resources/Character.prefab
  artifactKey: Guid(cc2acb6b8aeb0074a9e5f16e0c4dc571) Importer(815301076,1909f56bfc062723c751e8b465ee728b)
Start importing Assets/Resources/Character.prefab using Guid(cc2acb6b8aeb0074a9e5f16e0c4dc571) Importer(815301076,1909f56bfc062723c751e8b465ee728b)  -> (artifact id: '23fb05cd888a8da2f369286eb3119ee7') in 0.060826 seconds 
========================================================================
Received Import Request.
  Time since last request: 5.786726 seconds.
  path: Assets/Resources/Character.prefab
  artifactKey: Guid(cc2acb6b8aeb0074a9e5f16e0c4dc571) Importer(815301076,1909f56bfc062723c751e8b465ee728b)
Start importing Assets/Resources/Character.prefab using Guid(cc2acb6b8aeb0074a9e5f16e0c4dc571) Importer(815301076,1909f56bfc062723c751e8b465ee728b)  -> (artifact id: 'd25d74c605c68a7482f84e597eadeefd') in 0.059429 seconds 
========================================================================
Received Import Request.
  Time since last request: 4.767500 seconds.
  path: Assets/Resources/Character.prefab
  artifactKey: Guid(cc2acb6b8aeb0074a9e5f16e0c4dc571) Importer(815301076,1909f56bfc062723c751e8b465ee728b)
Start importing Assets/Resources/Character.prefab using Guid(cc2acb6b8aeb0074a9e5f16e0c4dc571) Importer(815301076,1909f56bfc062723c751e8b465ee728b)  -> (artifact id: '82e581bc637d327cbc15935dcdf438d3') in 0.059064 seconds 
========================================================================
Received Import Request.
  Time since last request: 3.171789 seconds.
  path: Assets/Resources/Character.prefab
  artifactKey: Guid(cc2acb6b8aeb0074a9e5f16e0c4dc571) Importer(815301076,1909f56bfc062723c751e8b465ee728b)
Start importing Assets/Resources/Character.prefab using Guid(cc2acb6b8aeb0074a9e5f16e0c4dc571) Importer(815301076,1909f56bfc062723c751e8b465ee728b)  -> (artifact id: 'a0a355a5420bf90299de4736c8be5280') in 0.054861 seconds 
========================================================================
Received Import Request.
  Time since last request: 84.404186 seconds.
  path: Assets/Resources/Terrain.fbx
  artifactKey: Guid(2761d0ff4731fae43bd657e06ee53f8b) Importer(815301076,1909f56bfc062723c751e8b465ee728b)
Start importing Assets/Resources/Terrain.fbx using Guid(2761d0ff4731fae43bd657e06ee53f8b) Importer(815301076,1909f56bfc062723c751e8b465ee728b)  -> (artifact id: '48a05603ca9019db95c0bf9402a33d1b') in 0.123146 seconds 
